effects/build/outputs/logs/manifest-merger-debug-report.txt
-- Merging decision tree log ---
manifest
ADDED from src\main\AndroidManifest.xml:2:1-14:12
INJECTED from src\main\AndroidManifest.xml:2:1-14:12
INJECTED from src\main\AndroidManifest.xml:2:1-14:12
INJECTED from src\main\AndroidManifest.xml:2:1-14:12
INJECTED from src\main\AndroidManifest.xml:2:1-14:12
INJECTED from src\main\AndroidManifest.xml:2:1-14:12
INJECTED from src\main\AndroidManifest.xml:2:1-14:12
	package
		ADDED from src\main\AndroidManifest.xml:3:11-36
		INJECTED from src\main\AndroidManifest.xml
		INJECTED from src\main\AndroidManifest.xml
	android:versionName
		ADDED from src\main\AndroidManifest.xml:5:11-36
		INJECTED from src\main\AndroidManifest.xml
		INJECTED from src\main\AndroidManifest.xml
	xmlns:android
		ADDED from src\main\AndroidManifest.xml:2:11-69
	android:versionCode
		ADDED from src\main\AndroidManifest.xml:4:11-34
		INJECTED from src\main\AndroidManifest.xml
		INJECTED from src\main\AndroidManifest.xml
uses-sdk
ADDED from src\main\AndroidManifest.xml:7:5-43
INJECTED from src\main\AndroidManifest.xml:7:5-43
INJECTED from src\main\AndroidManifest.xml:7:5-43
INJECTED from src\main\AndroidManifest.xml:7:5-43
INJECTED from src\main\AndroidManifest.xml:7:5-43
	android:targetSdkVersion
		INJECTED from src\main\AndroidManifest.xml
		ADDED from src\main\AndroidManifest.xml:7:5-43
		INJECTED from src\main\AndroidManifest.xml
	android:minSdkVersion
		ADDED from src\main\AndroidManifest.xml:7:15-41
		INJECTED from src\main\AndroidManifest.xml
		INJECTED from src\main\AndroidManifest.xml
uses-feature#0x00020000
ADDED from src\main\AndroidManifest.xml:9:5-11:38
	android:glEsVersion
		ADDED from src\main\AndroidManifest.xml:10:13-45
	android:required
		ADDED from src\main\AndroidManifest.xml:11:13-36
application
ADDED from src\main\AndroidManifest.xml:13:5-32